[14-Mar-2016 01:15:16 UTC] PHP Parse error:  syntax error, unexpected '[' in /home/ubuntu/workspace/Exercises/Ex02/ex02-05.php on line 6
[14-Mar-2016 01:16:37 UTC] PHP Parse error:  syntax error, unexpected '=' in /home/ubuntu/workspace/Exercises/Ex02/ex02-05.php on line 6
[14-Mar-2016 01:18:40 UTC] PHP Fatal error:  Call to undefined function var_print() in /home/ubuntu/workspace/Exercises/Ex02/ex02-05.php on line 9
[14-Mar-2016 01:18:40 UTC] PHP Stack trace:
[14-Mar-2016 01:18:40 UTC] PHP   1. {main}() /home/ubuntu/workspace/Exercises/Ex02/ex02-05.php:0
[14-Mar-2016 01:19:45 UTC] PHP Fatal error:  Call to undefined function var_print() in /home/ubuntu/workspace/Exercises/Ex02/ex02-05.php on line 9
[14-Mar-2016 01:19:45 UTC] PHP Stack trace:
[14-Mar-2016 01:19:45 UTC] PHP   1. {main}() /home/ubuntu/workspace/Exercises/Ex02/ex02-05.php:0
[14-Mar-2016 01:20:09 UTC] PHP Fatal error:  Call to undefined function var_print() in /home/ubuntu/workspace/Exercises/Ex02/ex02-05.php on line 12
[14-Mar-2016 01:20:09 UTC] PHP Stack trace:
[14-Mar-2016 01:20:09 UTC] PHP   1. {main}() /home/ubuntu/workspace/Exercises/Ex02/ex02-05.php:0
[14-Mar-2016 01:26:36 UTC] PHP Fatal error:  Call to undefined function sprint() in /home/ubuntu/workspace/Exercises/Ex02/ex02-05.php on line 9
[14-Mar-2016 01:26:36 UTC] PHP Stack trace:
[14-Mar-2016 01:26:36 UTC] PHP   1. {main}() /home/ubuntu/workspace/Exercises/Ex02/ex02-05.php:0
[14-Mar-2016 01:26:36 UTC] PHP   2. print_list() /home/ubuntu/workspace/Exercises/Ex02/ex02-05.php:31
[14-Mar-2016 01:27:31 UTC] PHP Fatal error:  Call to undefined function sprint() in /home/ubuntu/workspace/Exercises/Ex02/ex02-05.php on line 9
[14-Mar-2016 01:27:31 UTC] PHP Stack trace:
[14-Mar-2016 01:27:31 UTC] PHP   1. {main}() /home/ubuntu/workspace/Exercises/Ex02/ex02-05.php:0
[14-Mar-2016 01:27:31 UTC] PHP   2. print_list() /home/ubuntu/workspace/Exercises/Ex02/ex02-05.php:31
[14-Mar-2016 01:28:23 UTC] PHP Fatal error:  Call to undefined function sprint() in /home/ubuntu/workspace/Exercises/Ex02/ex02-05.php on line 9
[14-Mar-2016 01:28:23 UTC] PHP Stack trace:
[14-Mar-2016 01:28:23 UTC] PHP   1. {main}() /home/ubuntu/workspace/Exercises/Ex02/ex02-05.php:0
[14-Mar-2016 01:28:23 UTC] PHP   2. print_list() /home/ubuntu/workspace/Exercises/Ex02/ex02-05.php:22
